[0m21:41:13.767545 [debug] [MainThread]: Sending event: {'category': 'dbt', 'action': 'invocation', 'label': 'start', 'context': [<snowplow_tracker.self_describing_json.SelfDescribingJson object at 0x1068d9bb0>, <snowplow_tracker.self_describing_json.SelfDescribingJson object at 0x107940350>, <snowplow_tracker.self_describing_json.SelfDescribingJson object at 0x1079406b0>]}


============================== 21:41:13.771948 | 3300b6e1-b5cf-4674-9a24-dedc0caaa81b ==============================
[0m21:41:13.771948 [info ] [MainThread]: Running with dbt=1.11.10
[0m21:41:13.772425 [debug] [MainThread]: running dbt with arguments {'log_format': 'default', 'quiet': 'False', 'empty': 'None', 'warn_error_options': 'WarnErrorOptionsV2(error=[], warn=[], silence=[])', 'version_check': 'True', 'write_json': 'True', 'no_print': 'None', 'send_anonymous_usage_stats': 'True', 'introspect': 'True', 'use_experimental_parser': 'False', 'use_colors': 'True', 'log_cache_events': 'False', 'warn_error': 'None', 'target_path': 'None', 'static_parser': 'True', 'invocation_command': 'dbt init ae_support_analytics', 'profiles_dir': '/Users/hazeldonaldson/.dbt', 'log_path': 'logs', 'partial_parse': 'True', 'printer_width': '80', 'fail_fast': 'False', 'cache_selected_only': 'False', 'debug': 'False', 'indirect_selection': 'eager'}
[0m21:41:13.784838 [debug] [MainThread]: Starter project path: /opt/miniconda3/lib/python3.12/site-packages/dbt/include/starter_project
[0m21:41:13.789634 [info ] [MainThread]: 
Your new dbt project "ae_support_analytics" was created!

For more information on how to configure the profiles.yml file,
please consult the dbt documentation here:

  https://docs.getdbt.com/docs/configure-your-profile

One more thing:

Need help? Don't hesitate to reach out to us via GitHub issues or on Slack:

  https://community.getdbt.com/

Happy modeling!

[0m21:41:13.789925 [info ] [MainThread]: Setting up your profile.
[0m21:41:49.715129 [info ] [MainThread]: Profile ae_support_analytics written to /Users/hazeldonaldson/.dbt/profiles.yml using target's profile_template.yml and your supplied values. Run 'dbt debug' to validate the connection.
[0m21:41:49.716120 [debug] [MainThread]: Resource report: {"command_name": "init", "command_success": true, "command_wall_clock_time": 36.00958, "process_in_blocks": "0", "process_kernel_time": 1.011566, "process_mem_max_rss": "236257280", "process_out_blocks": "0", "process_user_time": 3.283654}
[0m21:41:49.716863 [debug] [MainThread]: Command `dbt init` succeeded at 21:41:49.716755 after 36.01 seconds
[0m21:41:49.717297 [debug] [MainThread]: Sending event: {'category': 'dbt', 'action': 'invocation', 'label': 'end', 'context': [<snowplow_tracker.self_describing_json.SelfDescribingJson object at 0x1078d5070>, <snowplow_tracker.self_describing_json.SelfDescribingJson object at 0x130d85880>, <snowplow_tracker.self_describing_json.SelfDescribingJson object at 0x130996510>]}
[0m21:41:49.717728 [debug] [MainThread]: Flushing usage events
[0m21:41:49.857531 [debug] [MainThread]: An error was encountered while trying to flush usage events
